<?xml version="1.0" encoding="UTF-8"?>
<testng-results ignored="0" total="1" passed="1" failed="0" skipped="0">
  <reporter-output>
  </reporter-output>
  <suite started-at="2023-07-29T10:43:53 IST" name="Default suite" finished-at="2023-07-29T10:44:04 IST" duration-ms="11011">
    <groups>
    </groups>
    <test started-at="2023-07-29T10:43:53 IST" name="Default test" finished-at="2023-07-29T10:44:04 IST" duration-ms="11011">
      <class name="ppack.LoginTest">
        <test-method signature="log()[pri:0, instance:ppack.LoginTest@1de5f259]" started-at="2023-07-29T10:43:53 IST" name="log" finished-at="2023-07-29T10:44:04 IST" duration-ms="10611" status="PASS">
          <reporter-output>
          </reporter-output>
        </test-method> <!-- log -->
        <test-method is-config="true" signature="closer()[pri:0, instance:ppack.LoginTest@1de5f259]" started-at="2023-07-29T10:44:04 IST" name="closer" finished-at="2023-07-29T10:44:04 IST" duration-ms="373" status="PASS">
          <reporter-output>
          </reporter-output>
        </test-method> <!-- closer -->
      </class> <!-- ppack.LoginTest -->
    </test> <!-- Default test -->
  </suite> <!-- Default suite -->
</testng-results>
