<?xml version="1.0" encoding="UTF-8"?>
<!-- Generated by org.testng.reporters.JUnitXMLReporter -->
<testsuite ignored="0" hostname="INLEN8520074163" failures="0" tests="4" name="Default test" time="0.084" errors="0" timestamp="2023-11-05T18:20:44 IST">
  <testcase classname="MAVENP.DependsOnmethod1" name="flipcart" time="0.007"/>
  <testcase classname="MAVENP.DependsOnmethod1" name="googlepay" time="0.002"/>
  <testcase classname="MAVENP.DependsOnmethod1" name="phonepay" time="0.0"/>
  <testcase classname="MAVENP.DependsOnmethod1" name="amazon" time="0.002"/>
</testsuite> <!-- Default test -->
