<?xml version="1.0" encoding="UTF-8"?>
<!-- Generated by org.testng.reporters.JUnitXMLReporter -->
<testsuite ignored="0" hostname="INLEN8520016844" failures="1" tests="1" name="Surefire test" time="12.144" errors="0" timestamp="2022-05-12T14:57:20 IST">
  <testcase classname="Extent_Report.DemoTest" name="mOne" time="8.795">
    <failure type="junit.framework.AssertionFailedError" message="expected:&amp;lt;[[ChromeDriver: chrome on WINDOWS (bd2bc7bfed1a5b183641260cb4737175)] -&amp;gt; id: pah]&amp;gt; but was:&amp;lt;PracticeAutomationHereABC&amp;gt;">
      <![CDATA[junit.framework.AssertionFailedError: expected:<[[ChromeDriver: chrome on WINDOWS (bd2bc7bfed1a5b183641260cb4737175)] -> id: pah]> but was:<PracticeAutomationHereABC>
at junit.framework.Assert.fail(Assert.java:57)
at junit.framework.Assert.failNotEquals(Assert.java:329)
at junit.framework.Assert.assertEquals(Assert.java:78)
at junit.framework.Assert.assertEquals(Assert.java:86)
at Extent_Report.DemoTest.mOne(DemoTest.java:24)
at java.base/java.util.ArrayList.forEach(ArrayList.java:1511)
... Removed 32 stack frames]]>
    </failure>
  </testcase> <!-- mOne -->
</testsuite> <!-- Surefire test -->
