<?xml version="1.0" encoding="UTF-8"?>
<!-- Generated by org.testng.reporters.JUnitXMLReporter -->
<testsuite ignored="0" hostname="INLEN8520016844" failures="1" tests="4" name="Surefire test" time="10.073" errors="0" timestamp="2022-05-10T17:07:41 IST">
  <testcase classname="mpack.FourTest" name="mOne" time="0.005"/>
  <testcase classname="mpack.OneTest" name="mOne" time="6.711">
    <failure type="junit.framework.AssertionFailedError" message="expected:&amp;lt;[[ChromeDriver: chrome on WINDOWS (e9615f725ddca254cc1559e4166b9d86)] -&amp;gt; id: pah]&amp;gt; but was:&amp;lt;PracticeAutomationHereABC&amp;gt;">
      <![CDATA[junit.framework.AssertionFailedError: expected:<[[ChromeDriver: chrome on WINDOWS (e9615f725ddca254cc1559e4166b9d86)] -> id: pah]> but was:<PracticeAutomationHereABC>
at junit.framework.Assert.fail(Assert.java:57)
at junit.framework.Assert.failNotEquals(Assert.java:329)
at junit.framework.Assert.assertEquals(Assert.java:78)
at junit.framework.Assert.assertEquals(Assert.java:86)
at mpack.OneTest.mOne(OneTest.java:24)
at java.base/java.util.ArrayList.forEach(ArrayList.java:1511)
... Removed 32 stack frames]]>
    </failure>
  </testcase> <!-- mOne -->
  <testcase classname="mpack.ThreeTest" name="mOne" time="0.0"/>
  <testcase classname="mpack.TwoTest" name="mOne" time="0.001"/>
</testsuite> <!-- Surefire test -->
