<?xml version="1.0" encoding="UTF-8"?>
<!-- Generated by org.testng.reporters.JUnitXMLReporter -->
<testsuite ignored="0" hostname="INLEN8520016844" failures="0" tests="18" name="Test" time="23.324" errors="0" timestamp="2022-12-14T15:58:34 IST">
  <testcase classname="Testcase.TC002_Get_Single_Employee_Record" name="checkResponcebody" time="0.015"/>
  <testcase classname="Testcase.TC002_Get_Single_Employee_Record" name="checkreponsetime" time="0.001"/>
  <testcase classname="Testcase.TC005_Delete_Employee_Records" name="checkResponcebody" time="0.002"/>
  <testcase classname="Testcase.TC003_Post_Employee_Records" name="checkStatusLine" time="0.001"/>
  <testcase classname="Testcase.TC003_Post_Employee_Records" name="checkStatuscode" time="0.001"/>
  <testcase classname="Testcase.TC003_Post_Employee_Records" name="checkbody" time="0.001"/>
  <testcase classname="Testcase.TC004_Put_Employee_Records" name="checkStatusLine" time="0.001"/>
  <testcase classname="Testcase.TC004_Put_Employee_Records" name="checkStatuscode" time="0.0"/>
  <testcase classname="Testcase.TC004_Put_Employee_Records" name="checkbody" time="0.0"/>
  <testcase classname="Testcase.TC001_Get_All_Employee" name="checkCookies" time="0.001"/>
  <testcase classname="Testcase.TC001_Get_All_Employee" name="checkResponcebody" time="0.001"/>
  <testcase classname="Testcase.TC001_Get_All_Employee" name="checkconetenttype" time="0.0"/>
  <testcase classname="Testcase.TC001_Get_All_Employee" name="checkcontentEncoding" time="0.0"/>
  <testcase classname="Testcase.TC001_Get_All_Employee" name="checkcontentLenght" time="0.0"/>
  <testcase classname="Testcase.TC001_Get_All_Employee" name="checkreponsetime" time="0.001"/>
  <testcase classname="Testcase.TC001_Get_All_Employee" name="checkservertype" time="0.0"/>
  <testcase classname="Testcase.TC001_Get_All_Employee" name="checkstatuscode" time="0.001"/>
  <testcase classname="Testcase.TC001_Get_All_Employee" name="checkstatusline" time="0.001"/>
</testsuite> <!-- Test -->
