<?xml version="1.0" encoding="UTF-8"?>
<testng-results ignored="0" total="4" passed="4" failed="0" skipped="0">
  <reporter-output>
  </reporter-output>
  <suite started-at="2023-11-05T18:20:44 IST" name="Default suite" finished-at="2023-11-05T18:20:44 IST" duration-ms="84">
    <groups>
    </groups>
    <test started-at="2023-11-05T18:20:44 IST" name="Default test" finished-at="2023-11-05T18:20:44 IST" duration-ms="84">
      <class name="MAVENP.DependsOnmethod1">
        <test-method signature="flipcart()[pri:0, instance:MAVENP.DependsOnmethod1@581ac8a8]" started-at="2023-11-05T18:20:44 IST" name="flipcart" finished-at="2023-11-05T18:20:44 IST" duration-ms="7" status="PASS">
          <reporter-output>
          </reporter-output>
        </test-method> <!-- flipcart -->
        <test-method signature="googlepay()[pri:0, instance:MAVENP.DependsOnmethod1@581ac8a8]" started-at="2023-11-05T18:20:44 IST" name="googlepay" finished-at="2023-11-05T18:20:44 IST" duration-ms="2" status="PASS">
          <reporter-output>
          </reporter-output>
        </test-method> <!-- googlepay -->
        <test-method signature="phonepay()[pri:0, instance:MAVENP.DependsOnmethod1@581ac8a8]" started-at="2023-11-05T18:20:44 IST" name="phonepay" finished-at="2023-11-05T18:20:44 IST" duration-ms="0" status="PASS">
          <reporter-output>
          </reporter-output>
        </test-method> <!-- phonepay -->
        <test-method signature="amazon()[pri:0, instance:MAVENP.DependsOnmethod1@581ac8a8]" started-at="2023-11-05T18:20:44 IST" name="amazon" finished-at="2023-11-05T18:20:44 IST" depends-on-methods="MAVENP.DependsOnmethod1.flipcart" duration-ms="2" status="PASS">
          <reporter-output>
          </reporter-output>
        </test-method> <!-- amazon -->
      </class> <!-- MAVENP.DependsOnmethod1 -->
    </test> <!-- Default test -->
  </suite> <!-- Default suite -->
</testng-results>
