<?xml version="1.0" encoding="UTF-8"?>
<testng-results ignored="0" total="1" passed="1" failed="0" skipped="0">
  <reporter-output>
  </reporter-output>
  <suite started-at="2023-09-26T20:38:29 IST" name="Default suite" finished-at="2023-09-26T20:38:29 IST" duration-ms="47">
    <groups>
    </groups>
    <test started-at="2023-09-26T20:38:29 IST" name="Default test" finished-at="2023-09-26T20:38:29 IST" duration-ms="47">
      <class name="mpack.ThreeTest">
        <test-method signature="mOne()[pri:0, instance:mpack.ThreeTest@5a56cdac]" started-at="2023-09-26T20:38:29 IST" name="mOne" finished-at="2023-09-26T20:38:29 IST" duration-ms="8" status="PASS">
          <reporter-output>
          </reporter-output>
        </test-method> <!-- mOne -->
      </class> <!-- mpack.ThreeTest -->
    </test> <!-- Default test -->
  </suite> <!-- Default suite -->
</testng-results>
