<?xml version="1.0" encoding="UTF-8"?>
<!-- Generated by org.testng.reporters.JUnitXMLReporter -->
<testsuite ignored="0" hostname="INLEN8520016844" failures="0" tests="5" name="Test" time="28.423" errors="0" timestamp="2022-08-07T22:52:06 IST">
  <testcase classname="tests.FourTest" name="Four" time="0.011"/>
  <testcase classname="tests.TwoTest" name="Two" time="0.001"/>
  <testcase classname="tests.LoginTest" name="login" time="1.244"/>
  <testcase classname="tests.LoginTest" name="login" time="10.83"/>
  <testcase classname="tests.ThreeTest" name="Three" time="0.002"/>
</testsuite> <!-- Test -->
