<?xml version="1.0" encoding="UTF-8"?>
<testng-results ignored="0" total="1" passed="1" failed="0" skipped="0">
  <reporter-output>
  </reporter-output>
  <suite started-at="2023-09-27T00:13:44 IST" name="Default suite" finished-at="2023-09-27T00:13:44 IST" duration-ms="43">
    <groups>
    </groups>
    <test started-at="2023-09-27T00:13:44 IST" name="Default test" finished-at="2023-09-27T00:13:44 IST" duration-ms="43">
      <class name="maven4_1.prince1">
        <test-method signature="testHomeC()[pri:0, instance:maven4_1.prince1@37d4349f]" started-at="2023-09-27T00:13:44 IST" name="testHomeC" finished-at="2023-09-27T00:13:44 IST" duration-ms="9" status="PASS">
          <reporter-output>
          </reporter-output>
        </test-method> <!-- testHomeC -->
      </class> <!-- maven4_1.prince1 -->
    </test> <!-- Default test -->
  </suite> <!-- Default suite -->
</testng-results>
