<?xml version="1.0" encoding="UTF-8"?>
<testng-results ignored="0" total="2" passed="2" failed="0" skipped="0">
  <reporter-output>
  </reporter-output>
  <suite started-at="2022-05-10T17:15:22 IST" name="Suite" finished-at="2022-05-10T17:15:22 IST" duration-ms="40">
    <groups>
    </groups>
    <test started-at="2022-05-10T17:15:22 IST" name="Test" finished-at="2022-05-10T17:15:22 IST" duration-ms="40">
      <class name="mpack.TwoTest">
        <test-method signature="mOne()[pri:0, instance:mpack.TwoTest@1622f1b]" started-at="2022-05-10T17:15:22 IST" name="mOne" finished-at="2022-05-10T17:15:22 IST" duration-ms="5" status="PASS">
          <reporter-output>
          </reporter-output>
        </test-method> <!-- mOne -->
      </class> <!-- mpack.TwoTest -->
      <class name="mpack.FourTest">
        <test-method signature="mOne()[pri:0, instance:mpack.FourTest@4b0b0854]" started-at="2022-05-10T17:15:22 IST" name="mOne" finished-at="2022-05-10T17:15:22 IST" duration-ms="1" status="PASS">
          <reporter-output>
          </reporter-output>
        </test-method> <!-- mOne -->
      </class> <!-- mpack.FourTest -->
    </test> <!-- Test -->
  </suite> <!-- Suite -->
</testng-results>
