<?xml version="1.0" encoding="UTF-8"?>
<testng-results ignored="0" total="3" passed="3" failed="0" skipped="0">
  <reporter-output>
  </reporter-output>
  <suite started-at="2023-09-28T09:25:21 IST" name="Default suite" finished-at="2023-09-28T09:25:21 IST" duration-ms="73">
    <groups>
    </groups>
    <test started-at="2023-09-28T09:25:21 IST" name="Default test" finished-at="2023-09-28T09:25:21 IST" duration-ms="73">
      <class name="Test.Test1">
        <test-method is-config="true" signature="openApplication()[pri:0, instance:Test.Test1@6404f418]" started-at="2023-09-28T09:25:21 IST" name="openApplication" finished-at="2023-09-28T09:25:21 IST" duration-ms="8" status="PASS">
          <reporter-output>
          </reporter-output>
        </test-method> <!-- openApplication -->
        <test-method signature="testRegistration()[pri:1, instance:Test.Test1@6404f418]" started-at="2023-09-28T09:25:21 IST" name="testRegistration" finished-at="2023-09-28T09:25:21 IST" duration-ms="7" status="PASS">
          <reporter-output>
          </reporter-output>
        </test-method> <!-- testRegistration -->
        <test-method signature="testLogin()[pri:2, instance:Test.Test1@6404f418]" started-at="2023-09-28T09:25:21 IST" name="testLogin" finished-at="2023-09-28T09:25:21 IST" duration-ms="2" status="PASS">
          <reporter-output>
          </reporter-output>
        </test-method> <!-- testLogin -->
        <test-method signature="testHomePage()[pri:3, instance:Test.Test1@6404f418]" started-at="2023-09-28T09:25:21 IST" name="testHomePage" finished-at="2023-09-28T09:25:21 IST" duration-ms="2" status="PASS">
          <reporter-output>
          </reporter-output>
        </test-method> <!-- testHomePage -->
      </class> <!-- Test.Test1 -->
    </test> <!-- Default test -->
  </suite> <!-- Default suite -->
</testng-results>
