<?xml version="1.0" encoding="UTF-8"?>
<testng-results ignored="0" total="1" passed="0" failed="1" skipped="0">
  <reporter-output>
  </reporter-output>
  <suite started-at="2022-05-12T14:57:07 IST" name="Surefire suite" finished-at="2022-05-12T14:57:20 IST" duration-ms="12144">
    <groups>
    </groups>
    <test started-at="2022-05-12T14:57:07 IST" name="Surefire test" finished-at="2022-05-12T14:57:20 IST" duration-ms="12144">
      <class name="Extent_Report.DemoTest">
        <test-method signature="mOne()[pri:0, instance:Extent_Report.DemoTest@402e37bc]" started-at="2022-05-12T14:57:07 IST" name="mOne" finished-at="2022-05-12T14:57:16 IST" duration-ms="8795" status="FAIL">
          <exception class="junit.framework.AssertionFailedError">
            <message>
              <![CDATA[expected:<[[ChromeDriver: chrome on WINDOWS (bd2bc7bfed1a5b183641260cb4737175)] -> id: pah]> but was:<PracticeAutomationHereABC>]]>
            </message>
            <full-stacktrace>
              <![CDATA[junit.framework.AssertionFailedError: expected:<[[ChromeDriver: chrome on WINDOWS (bd2bc7bfed1a5b183641260cb4737175)] -> id: pah]> but was:<PracticeAutomationHereABC>
at junit.framework.Assert.fail(Assert.java:57)
at junit.framework.Assert.failNotEquals(Assert.java:329)
at junit.framework.Assert.assertEquals(Assert.java:78)
at junit.framework.Assert.assertEquals(Assert.java:86)
at Extent_Report.DemoTest.mOne(DemoTest.java:24)
at java.base/jdk.internal.reflect.NativeMethodAccessorImpl.invoke0(Native Method)
at java.base/jdk.internal.reflect.NativeMethodAccessorImpl.invoke(NativeMethodAccessorImpl.java:78)
at java.base/jdk.internal.reflect.DelegatingMethodAccessorImpl.invoke(DelegatingMethodAccessorImpl.java:43)
at java.base/java.lang.reflect.Method.invoke(Method.java:567)
at org.testng.internal.invokers.MethodInvocationHelper.invokeMethod(MethodInvocationHelper.java:135)
at org.testng.internal.invokers.TestInvoker.invokeMethod(TestInvoker.java:673)
at org.testng.internal.invokers.TestInvoker.invokeTestMethod(TestInvoker.java:220)
at org.testng.internal.invokers.MethodRunner.runInSequence(MethodRunner.java:50)
at org.testng.internal.invokers.TestInvoker$MethodInvocationAgent.invoke(TestInvoker.java:945)
at org.testng.internal.invokers.TestInvoker.invokeTestMethods(TestInvoker.java:193)
at org.testng.internal.invokers.TestMethodWorker.invokeTestMethods(TestMethodWorker.java:146)
at org.testng.internal.invokers.TestMethodWorker.run(TestMethodWorker.java:128)
at java.base/java.util.ArrayList.forEach(ArrayList.java:1511)
at org.testng.TestRunner.privateRun(TestRunner.java:808)
at org.testng.TestRunner.run(TestRunner.java:603)
at org.testng.SuiteRunner.runTest(SuiteRunner.java:429)
at org.testng.SuiteRunner.runSequentially(SuiteRunner.java:423)
at org.testng.SuiteRunner.privateRun(SuiteRunner.java:383)
at org.testng.SuiteRunner.run(SuiteRunner.java:326)
at org.testng.SuiteRunnerWorker.runSuite(SuiteRunnerWorker.java:52)
at org.testng.SuiteRunnerWorker.run(SuiteRunnerWorker.java:95)
at org.testng.TestNG.runSuitesSequentially(TestNG.java:1249)
at org.testng.TestNG.runSuitesLocally(TestNG.java:1169)
at org.testng.TestNG.runSuites(TestNG.java:1092)
at org.testng.TestNG.run(TestNG.java:1060)
at org.apache.maven.surefire.testng.TestNGExecutor.run(TestNGExecutor.java:151)
at org.apache.maven.surefire.testng.TestNGDirectoryTestSuite.executeSingleClass(TestNGDirectoryTestSuite.java:111)
at org.apache.maven.surefire.testng.TestNGDirectoryTestSuite.execute(TestNGDirectoryTestSuite.java:98)
at org.apache.maven.surefire.testng.TestNGProvider.invoke(TestNGProvider.java:155)
at org.apache.maven.surefire.booter.ForkedBooter.runSuitesInProcess(ForkedBooter.java:456)
at org.apache.maven.surefire.booter.ForkedBooter.execute(ForkedBooter.java:169)
at org.apache.maven.surefire.booter.ForkedBooter.run(ForkedBooter.java:595)
at org.apache.maven.surefire.booter.ForkedBooter.main(ForkedBooter.java:581)
]]>
            </full-stacktrace>
          </exception> <!-- junit.framework.AssertionFailedError -->
          <reporter-output>
          </reporter-output>
        </test-method> <!-- mOne -->
        <test-method is-config="true" signature="mne()[pri:0, instance:Extent_Report.DemoTest@402e37bc]" started-at="2022-05-12T14:57:16 IST" name="mne" finished-at="2022-05-12T14:57:20 IST" duration-ms="3312" status="PASS">
          <reporter-output>
          </reporter-output>
        </test-method> <!-- mne -->
      </class> <!-- Extent_Report.DemoTest -->
    </test> <!-- Surefire test -->
  </suite> <!-- Surefire suite -->
</testng-results>
