<?xml version="1.0" encoding="UTF-8"?>
<testng-results ignored="0" total="2" passed="2" failed="0" skipped="0">
  <reporter-output>
  </reporter-output>
  <suite started-at="2023-04-13T14:45:33 IST" name="Default suite" finished-at="2023-04-13T14:45:38 IST" duration-ms="5590">
    <groups>
    </groups>
    <test started-at="2023-04-13T14:45:33 IST" name="Default test" finished-at="2023-04-13T14:45:38 IST" duration-ms="5590">
      <class name="Testcase.TC002_Get_Single_Employee_Record">
        <test-method is-config="true" signature="setup()[pri:0, instance:Testcase.TC002_Get_Single_Employee_Record@1af2d44a]" started-at="2023-04-13T14:45:33 IST" name="setup" finished-at="2023-04-13T14:45:33 IST" duration-ms="388" status="PASS">
          <reporter-output>
          </reporter-output>
        </test-method> <!-- setup -->
        <test-method is-config="true" signature="getAllEmployee()[pri:0, instance:Testcase.TC002_Get_Single_Employee_Record@1af2d44a]" started-at="2023-04-13T14:45:33 IST" name="getAllEmployee" finished-at="2023-04-13T14:45:38 IST" duration-ms="5143" status="PASS">
          <reporter-output>
          </reporter-output>
        </test-method> <!-- getAllEmployee -->
        <test-method signature="checkResponcebody()[pri:0, instance:Testcase.TC002_Get_Single_Employee_Record@1af2d44a]" started-at="2023-04-13T14:45:38 IST" name="checkResponcebody" finished-at="2023-04-13T14:45:38 IST" duration-ms="24" status="PASS">
          <reporter-output>
          </reporter-output>
        </test-method> <!-- checkResponcebody -->
        <test-method signature="checkreponsetime()[pri:0, instance:Testcase.TC002_Get_Single_Employee_Record@1af2d44a]" started-at="2023-04-13T14:45:38 IST" name="checkreponsetime" finished-at="2023-04-13T14:45:38 IST" duration-ms="2" status="PASS">
          <reporter-output>
          </reporter-output>
        </test-method> <!-- checkreponsetime -->
      </class> <!-- Testcase.TC002_Get_Single_Employee_Record -->
    </test> <!-- Default test -->
  </suite> <!-- Default suite -->
</testng-results>
