<?xml version="1.0" encoding="UTF-8"?>
<testng-results ignored="0" total="2" passed="2" failed="0" skipped="0">
  <reporter-output>
  </reporter-output>
  <suite started-at="2022-08-07T23:00:40 IST" name="Default suite" finished-at="2022-08-07T23:01:08 IST" duration-ms="28329">
    <groups>
    </groups>
    <test started-at="2022-08-07T23:00:40 IST" name="Default test" finished-at="2022-08-07T23:01:08 IST" duration-ms="28329">
      <class name="tests.LoginTest">
        <test-method is-config="true" signature="openbrowser()[pri:0, instance:tests.LoginTest@5876a9af]" started-at="2022-08-07T23:00:40 IST" name="openbrowser" finished-at="2022-08-07T23:00:46 IST" duration-ms="5929" status="PASS">
          <reporter-output>
          </reporter-output>
        </test-method> <!-- openbrowser -->
        <test-method signature="login(java.lang.String,java.lang.String,java.lang.String)[pri:0, instance:tests.LoginTest@5876a9af]" started-at="2022-08-07T23:00:46 IST" name="login" data-provider="getdata" finished-at="2022-08-07T23:00:50 IST" duration-ms="4080" status="PASS">
          <params>
            <param index="0">
              <value>
                <![CDATA[arun.selenium@gmail.com]]>
              </value>
            </param>
            <param index="1">
              <value>
                <![CDATA[Second@123]]>
              </value>
            </param>
            <param index="2">
              <value>
                <![CDATA[success]]>
              </value>
            </param>
          </params>
          <reporter-output>
          </reporter-output>
        </test-method> <!-- login -->
        <test-method is-config="true" signature="closer()[pri:0, instance:tests.LoginTest@5876a9af]" started-at="2022-08-07T23:00:50 IST" name="closer" finished-at="2022-08-07T23:00:50 IST" duration-ms="101" status="PASS">
          <reporter-output>
          </reporter-output>
        </test-method> <!-- closer -->
        <test-method is-config="true" signature="openbrowser()[pri:0, instance:tests.LoginTest@5876a9af]" started-at="2022-08-07T23:00:50 IST" name="openbrowser" finished-at="2022-08-07T23:00:54 IST" duration-ms="4237" status="PASS">
          <reporter-output>
          </reporter-output>
        </test-method> <!-- openbrowser -->
        <test-method signature="login(java.lang.String,java.lang.String,java.lang.String)[pri:0, instance:tests.LoginTest@5876a9af]" started-at="2022-08-07T23:00:54 IST" name="login" data-provider="getdata" finished-at="2022-08-07T23:01:08 IST" duration-ms="13806" status="PASS">
          <params>
            <param index="0">
              <value>
                <![CDATA[shashi@gmail.com]]>
              </value>
            </param>
            <param index="1">
              <value>
                <![CDATA[prince]]>
              </value>
            </param>
            <param index="2">
              <value>
                <![CDATA[fail]]>
              </value>
            </param>
          </params>
          <reporter-output>
          </reporter-output>
        </test-method> <!-- login -->
        <test-method is-config="true" signature="closer()[pri:0, instance:tests.LoginTest@5876a9af]" started-at="2022-08-07T23:01:08 IST" name="closer" finished-at="2022-08-07T23:01:08 IST" duration-ms="129" status="PASS">
          <reporter-output>
          </reporter-output>
        </test-method> <!-- closer -->
      </class> <!-- tests.LoginTest -->
    </test> <!-- Default test -->
  </suite> <!-- Default suite -->
</testng-results>
